SimpleMessenger/app/build/intermediates/manifest_merge_blame_file/debug/manifest-merger-blame-debug-report.txt
1<?xml version="1.0" encoding="utf-8"?>
2<manifest xmlns:android="http://schemas.android.com/apk/res/android"
3    package="edu.buffalo.cse.cse486586.simplemessenger"
4    android:versionCode="1"
5    android:versionName="1.0" >
6
7    <uses-sdk
8        android:minSdkVersion="19"
8-->src\main\AndroidManifest.xml
9        android:targetSdkVersion="19" />
9-->src\main\AndroidManifest.xml
10
11    <uses-permission android:name="android.permission.INTERNET" />
11-->src\main\AndroidManifest.xml:7:5-66
11-->src\main\AndroidManifest.xml:7:22-64
12    <uses-permission android:name="android.permission.READ_PHONE_STATE" />
12-->src\main\AndroidManifest.xml:8:5-74
12-->src\main\AndroidManifest.xml:8:22-72
13
14    <application
14-->src\main\AndroidManifest.xml:10:5-23:19
15        android:allowBackup="true"
15-->src\main\AndroidManifest.xml:13:9-35
16        android:debuggable="true"
17        android:icon="@drawable/ic_launcher"
17-->src\main\AndroidManifest.xml:11:9-45
18        android:label="@string/app_name" >
18-->src\main\AndroidManifest.xml:12:9-41
19        <activity
19-->src\main\AndroidManifest.xml:14:9-22:20
20            android:name="edu.buffalo.cse.cse486586.simplemessenger.SimpleMessengerActivity"
20-->src\main\AndroidManifest.xml:15:13-93
21            android:label="@string/app_name" >
21-->src\main\AndroidManifest.xml:16:13-45
22            <intent-filter>
22-->src\main\AndroidManifest.xml:17:13-21:29
23                <action android:name="android.intent.action.MAIN" />
23-->src\main\AndroidManifest.xml:18:17-69
23-->src\main\AndroidManifest.xml:18:25-66
24
25                <category android:name="android.intent.category.LAUNCHER" />
25-->src\main\AndroidManifest.xml:20:17-77
25-->src\main\AndroidManifest.xml:20:27-74
26            </intent-filter>
27        </activity>
28    </application>
29
30</manifest>